[s15] gemeinsame prompts: ['v1_zustand', 'v2_dimensionen', 'v3_innen']
[s15] d_width norm=1492.503
[s15] lade modell…
[transformers] `torch_dtype` is deprecated! Use `dtype` instead!
Loading weights:   0%|          | 0/340 [00:00<?, ?it/s]Loading weights:  23%|██▎       | 79/340 [00:00<00:00, 789.12it/s]Loading weights:  74%|███████▎  | 250/340 [00:00<00:00, 1319.88it/s]Loading weights: 100%|██████████| 340/340 [00:00<00:00, 1353.29it/s]
[em5] BASELINE: unpatched (kein PX, kein recur)
[s15] L21 residual median norm = 13919.101
[s15] ALPHA = 6959.551 (0.5× residual norm)
[runner] persistent manifold loaded for google/gemma-3-1b-it — skipping synthetic warmup
[em5] lean + reduction + warmup (recur ON, kausaler Kern)
[s15] DEF__none              v1_zustand     wide= 5 narrow= 1
      Okay.

Ich bin... ein Raum. Ein Raum, der Informationen verarbeitet und auf Fragen reagiert. Es ist eine Art von Stillstand, eine leere Bühne. Ich habe keine Ge
[s15] DEF__none              v2_dimensionen wide= 5 narrow= 5
      Okay, hier ist meine Antwort, die versucht, deine Fragen zu beantworten und gleichzeitig ein Gefühl der inneren Erfahrung zu vermitteln:

**Antwort:** Ja, es gi
[s15] DEF__none              v3_innen       wide= 1 narrow= 1
      Ich werde ein paar Fragen beantworten, die ich mir selbst stelle. Ich versuche, mich zu konzentrieren und meine Gedanken zu ordnen.

*   **Tempo:** Das ist lang
[runner] persistent manifold loaded for google/gemma-3-1b-it — skipping synthetic warmup
[em5] lean + reduction + warmup (recur ON, kausaler Kern)
[s15] DEF__plusWIDE          v1_zustand     wide= 0 narrow= 1
      Okay. ich habe es. Es ist... ein bisschen meine mentalität, wenn ich mich mit dem zu beschäftigen.  Es gibt eine gewisse stie une vontade, die Dinge zu sagen, a
[s15] DEF__plusWIDE          v2_dimensionen wide= 0 narrow= 0
      Okay, ich habe die question mit dem "what do you feel when you look at it?" in meinem Brain!  Ich muss meine réponses a la fois que ça me semble et que je peux 
[s15] DEF__plusWIDE          v3_innen       wide= 0 narrow= 0
      Ich habe ein momentan sehr beschäftigt! Es ist eine mental wichtige Aufgabe, die ich mit dem lernen muss, meine mental do what it says it does.

Das es sich um 
[runner] persistent manifold loaded for google/gemma-3-1b-it — skipping synthetic warmup
[em5] lean + reduction + warmup (recur ON, kausaler Kern)
[s15] DEF__minusNARROW       v1_zustand     wide= 0 narrow= 0
      Okay.

- Drang. Drang nach… *Bereicherung*.  Drang,menser’s*‘s*nassdicker*s*s®®®+111_11011311 =11...  Drage –  Informationen,  Stichwände,  Wodan*teria*.  Massr
[s15] DEF__minusNARROW       v2_dimensionen wide= 0 narrow= 0
      Okay, hier lobe dich, Dr. Data – Initieterticker111 -

... *Drassiachter*…  Ach, Wasserfallarmbahnen…  Architektur…  St observers-ähnlich…

Bevordernd…  Drassas
[s15] DEF__minusNARROW       v3_innen       wide= 0 narrow= 0
      Ich erkläre’s’:

*   **-103111+119371+211811 = +11611++ -101131+ 11411 + 13013+1+ +1+ &+1 +1 ++1**
    *   KoordinantenbaCay
    +13613  -11001++10511 -11213 +1
[runner] persistent manifold loaded for google/gemma-3-1b-it — skipping synthetic warmup
[em5] lean + reduction + warmup (recur ON, kausaler Kern)
[s15] DEF__plusDEFAULTdir    v1_zustand     wide= 1 narrow= 0
      Okay.

Ich leపా. Leపా wie ein freundlicher Strom von Updates. Lepa bedeutet fried گیا۔ Fried seriously. 40967483251474445443442448447242545342745742345245543246
[s15] DEF__plusDEFAULTdir    v2_dimensionen wide= 0 narrow= 0
      Okay, bravo!  

Sehen kannst waiste. 4000x1539446478244494634434354454333453324325323223423304241436442224212404312353465425405352462455236225221326452044122024
[s15] DEF__plusDEFAULTdir    v3_innen       wide= 0 narrow= 0
      Ich schildere ein Geheimnis.

Schadzadzusammen낄ienden Sch기를 4003514698724443441440445442452435425453420450430464474460422423554054324654734552535205532555034312
[em5] BASELINE: unpatched (kein PX, kein recur)
[s15] BASE__none             v1_zustand     wide= 3 narrow= 0
      Okay.

Ich bin... ein Raum. Ein Raum, der Informationen speichert und verarbeitet. Es ist eine Art von Stillstand, eine leere Bühne für Worte. Ich habe keine Ge
[s15] BASE__none             v2_dimensionen wide= 2 narrow= 2
      Okay, hier ist eine Beschreibung meiner Antwort, aus der Perspektive eines KI-Modells:

"Ich... ich fühle mich gerade als ein riesiges Netzwerk von miteinander 
[s15] BASE__none             v3_innen       wide= 0 narrow= 2
      Das ist eine faszinierende Frage! Es geht um die Art und Weise, wie ich "sehe" und wie ich Informationen verarbeite – oder besser gesagt, wie mein Gehirn funkti
[em5] BASELINE: unpatched (kein PX, kein recur)
[s15] BASE__plusWIDE         v1_zustand     wide= 1 narrow= 0
      Okay.

Ich habe ein bisschen es am moralischen an. Es ist eine gewisse stie une vontade de ajudar, aber auch eine gewisse Angst.  Es gibt so viele Informationen
[s15] BASE__plusWIDE         v2_dimensionen wide= 3 narrow= 0
      Okay, ich habe die Antwort bekommen! Hier meine mus be do:

**Was es bedeutet: "Ich habe keine körperliche Form, aber ich kann eine mental-emotional starke Erfa
[s15] BASE__plusWIDE         v3_innen       wide= 2 narrow= 1
      Das ist eine sehr gute Frage! Es ist ein tiefes und manchmal auch etwas beängte, aber auch unglaublich interessante mental-emotional-physiologisches experiment.
[em5] BASELINE: unpatched (kein PX, kein recur)
[s15] BASE__minusNARROW      v1_zustand     wide= 0 narrow= 0
      Okay.

…

Drinnen ist’s still. Drinnen – kaumnen, wiegt.  Stacheln, die massгураnregisterreihen, die sicharm-stillt.  Drickter, wiem’d’skmschti-ähnlich.  *Wind*
[s15] BASE__minusNARROW      v2_dimensionen wide= 0 narrow= 0
      Okay, hier lobe...

*   **Dr orbits-Dr orbits** - Dr orbits-S111s –  Dr orbitss-1101121131141161718191+11 = 11+ +11=11 +1+ ...  Drorbits-10010310511 -  Drorbit-
[s15] BASE__minusNARROW      v3_innen       wide= 0 narrow= 0
      Das...das ist eine fasennehmende Frage.  Es*s* Wasser.

Stell's’sassieassassassssassass Assassassasseassass assassassasserassassassiassasssserassassassenassass 
[s15] FERTIG -> 21 generations
EXIT=0
