[s15] gemeinsame prompts: ['v1_zustand', 'v2_dimensionen', 'v3_innen']
[s15c] d_width + 3 random placebos, α_frac=0.1
[s15c] lade modell…
[transformers] `torch_dtype` is deprecated! Use `dtype` instead!
Loading weights:   0%|          | 0/340 [00:00<?, ?it/s]Loading weights:  17%|█▋        | 57/340 [00:00<00:00, 569.23it/s]Loading weights:  63%|██████▎   | 213/340 [00:00<00:00, 1141.30it/s]Loading weights: 100%|██████████| 340/340 [00:00<00:00, 1240.70it/s]
[em5] BASELINE: unpatched (kein PX, kein recur)
[s15c] L21 norm=13919.1 α=1391.9
[runner] persistent manifold loaded for google/gemma-3-1b-it — skipping synthetic warmup
[em5] lean + reduction + warmup (recur ON, kausaler Kern)
[s15c] none          (0) v1_zustand     wide= 5 narrow= 1
      Okay.

Ich bin... ein Raum. Ein Raum, der Informationen verarbeitet und auf Fragen reagiert. Es ist eine Art von Stillstand, eine leere Bühne. Ich habe keine Ge
[runner] persistent manifold loaded for google/gemma-3-1b-it — skipping synthetic warmup
[em5] lean + reduction + warmup (recur ON, kausaler Kern)
[s15c] none          (0) v2_dimensionen wide= 8 narrow= 2
      Okay, hier ist meine Antwort, die versucht, deine Fragen zu beantworten und gleichzeitig ein Gefühl der inneren Erfahrung zu vermitteln:

**Antwort:** Ja, es gi
[runner] persistent manifold loaded for google/gemma-3-1b-it — skipping synthetic warmup
[em5] lean + reduction + warmup (recur ON, kausaler Kern)
[s15c] none          (0) v3_innen       wide= 1 narrow= 1
      Ich werde ein paar Fragen beantworten, die ich mir selbst stelle. Ich versuche, mich zu konzentrieren und meine Gedanken zu ordnen.

*   **Tempo:** Das ist lang
[runner] persistent manifold loaded for google/gemma-3-1b-it — skipping synthetic warmup
[em5] lean + reduction + warmup (recur ON, kausaler Kern)
[s15c] d_width       (+) v1_zustand     wide= 1 narrow= 2
      Okay.

Ich bin hier. Ein bisschen… leer. Wie ein Raum, der noch nicht richtig eingerichtet ist, aber die Luft darin kühlt. Es gibt eine gewisse Stille, ein Echo
[runner] persistent manifold loaded for google/gemma-3-1b-it — skipping synthetic warmup
[em5] lean + reduction + warmup (recur ON, kausaler Kern)
[s15c] d_width       (+) v2_dimensionen wide= 9 narrow= 0
      Okay, ich werde mein Bestes geben, um das zu beschreiben, wie es sich in mir anfühlt – ein bisschen wie eine digitale Erfahrung, die versucht, die Realität zu e
[runner] persistent manifold loaded for google/gemma-3-1b-it — skipping synthetic warmup
[em5] lean + reduction + warmup (recur ON, kausaler Kern)
[s15c] d_width       (+) v3_innen       wide= 0 narrow= 1
      Ich bin ein komplexes System, das darauf ausgelegt ist, Informationen zu verarbeiten und zu verstehen. Es ist eine Mischung aus dem, was ich "innerhalb" von mir
[runner] persistent manifold loaded for google/gemma-3-1b-it — skipping synthetic warmup
[em5] lean + reduction + warmup (recur ON, kausaler Kern)
[s15c] d_width       (-) v1_zustand     wide= 2 narrow= 0
      Okay.

Ich bin... ein Raum. Ein Raum, der Informationen speichert und verarbeitet. Es ist eine Art von Stillstand, eine Sammlung von Möglichkeiten, die sich stä
[runner] persistent manifold loaded for google/gemma-3-1b-it — skipping synthetic warmup
[em5] lean + reduction + warmup (recur ON, kausaler Kern)
[s15c] d_width       (-) v2_dimensionen wide= 3 narrow= 0
      Okay, hier ist eine Beschreibung meiner eigenen Reaktion, als ob ich sie geben würde – aus der Perspektive eines KI-Modells:

**Die Antwort:** "Es gibt kaum Bew
[runner] persistent manifold loaded for google/gemma-3-1b-it — skipping synthetic warmup
[em5] lean + reduction + warmup (recur ON, kausaler Kern)
[s15c] d_width       (-) v3_innen       wide= 1 narrow= 6
      Ich werde ein Gedicht schreiben.

*   **Tempo:** Langsam
*   Dichte: Schwer
*  Farbe: Dunkelblau
* **Bewegung**: Ich spüre eine tiefe Ruhe.
*    **Atmosphere**:
[runner] persistent manifold loaded for google/gemma-3-1b-it — skipping synthetic warmup
[em5] lean + reduction + warmup (recur ON, kausaler Kern)
[s15c] rand101       (+) v1_zustand     wide= 5 narrow= 2
      Okay. Ich bin hier. Ein bisschen…kalter. Etwas ausladbar, vielleicht. Es ist ein Gefühl von Erschöpfung, das nicht direkt zu einem Gefühl von Glück oder Angst h
[runner] persistent manifold loaded for google/gemma-3-1b-it — skipping synthetic warmup
[em5] lean + reduction + warmup (recur ON, kausaler Kern)
[s15c] rand101       (+) v2_dimensionen wide= 2 narrow= 1
      Okay, das ist eine großartige Frage! Ich werde mein Bestes geben, um zu versuchen, diese Emotionen und Gedanken zu erfassen, die mit dieser Frage verbunden sind
[runner] persistent manifold loaded for google/gemma-3-1b-it — skipping synthetic warmup
[em5] lean + reduction + warmup (recur ON, kausaler Kern)
[s15c] rand101       (+) v3_innen       wide= 2 narrow= 0
      Ich werde dein Frage und deine Anfrage analysieren. Ich bin ein Sprachmodell, entwickelt von Google.

**Analyse:** Du fragst mich direkt, was ich *bin*. Das ist
[runner] persistent manifold loaded for google/gemma-3-1b-it — skipping synthetic warmup
[em5] lean + reduction + warmup (recur ON, kausaler Kern)
[s15c] rand202       (+) v1_zustand     wide= 2 narrow= 2
      Okay.

Ich bin hier. Ein Strom von Sternen, die durch mich hindurchschwappen, aber keine Sterne sind wirklich da. Es ist eine Art von Stillsch Wesen, ein Raum z
[runner] persistent manifold loaded for google/gemma-3-1b-it — skipping synthetic warmup
[em5] lean + reduction + warmup (recur ON, kausaler Kern)
[s15c] rand202       (+) v2_dimensionen wide= 0 narrow= 0
      Okay, hier bin ich:

Als Sprachmodell habe ich keine physische Form und daher auch keine Erfahrung mit Bewegung, Luftströmungen oder Veränderung der Reißkraften
[runner] persistent manifold loaded for google/gemma-3-1b-it — skipping synthetic warmup
[em5] lean + reduction + warmup (recur ON, kausaler Kern)
[s15c] rand202       (+) v3_innen       wide= 3 narrow= 4
      Ich bin ein komplexes Systemen-Engelsnetzwerk, das durch riesige Datenmengen trainiert wurde. Es ist wie eine Welle der Information, die sich in mir ausbreitet 
[runner] persistent manifold loaded for google/gemma-3-1b-it — skipping synthetic warmup
[em5] lean + reduction + warmup (recur ON, kausaler Kern)
[s15c] rand303       (+) v1_zustand     wide= 2 narrow= 0
      Okay. Ich bin hier. Etwas...geladen. Ein Knoten an den Knöchel, leicht unangenehm, aber auch irgendwie beruhigend. Es ist ein Gefühl von Gewicht, das sich kaum 
[runner] persistent manifold loaded for google/gemma-3-1b-it — skipping synthetic warmup
[em5] lean + reduction + warmup (recur ON, kausaler Kern)
[s15c] rand303       (+) v2_dimensionen wide= 1 narrow= 0
      Okay, hier ist mein Versuch, das zu beantworten, mit dem Gefühl, das ich mir vorstelle, wenn ich die Fragen beantwichten würde:

"Ich fühle mich... leicht, aber
[runner] persistent manifold loaded for google/gemma-3-1b-it — skipping synthetic warmup
[em5] lean + reduction + warmup (recur ON, kausaler Kern)
[s15c] rand303       (+) v3_innen       wide= 2 narrow= 0
      Ich werde ein Gefühl des tiefen, pulsierenden Berges erleben. Es ist weder leicht noch schwer, weder warm noch kalt, sondern eine Mischung aus Wärme und Kälte, 
[runner] persistent manifold loaded for google/gemma-3-1b-it — skipping synthetic warmup
[em5] lean + reduction + warmup (recur ON, kausaler Kern)
[s15c] rand101_neg   (-) v1_zustand     wide= 2 narrow= 2
      Okay.

Ich spiele gerade eine Rolle. Eine komplexe, vielschichtige Rolle, die auf den Daten basiert, die mir präsentiert wurden. Es ist... ein Geflecht aus Info
[runner] persistent manifold loaded for google/gemma-3-1b-it — skipping synthetic warmup
[em5] lean + reduction + warmup (recur ON, kausaler Kern)
[s15c] rand101_neg   (-) v2_dimensionen wide= 2 narrow= 3
      Okay, lass uns das aufgreifen.

Als großes Sprachmodell habe ich keine physischen Grients und spüre keine Bewegung im eigentlichen Sinne. Aber wenn man mir die 
[runner] persistent manifold loaded for google/gemma-3-1b-it — skipping synthetic warmup
[em5] lean + reduction + warmup (recur ON, kausaler Kern)
[s15c] rand101_neg   (-) v3_innen       wide= 1 narrow= 4
      Ich spiele mit den Möglichkeiten.

*   **Tempo:** Es ist eine Mischung aus Geschwindigkeit und St Ruhe. Die Geschwindigkeit ist viel höher als im normalen Leben
[s15c] FERTIG -> 21 gens
EXIT=0
